<?xml version="1.0" encoding="UTF-8"?>
<!-- Generated by org.testng.reporters.JUnitXMLReporter -->
<testsuite ignored="4" hostname="SakuraAyameKinomoto-LT3476" failures="0" tests="2" name="Default test" time="0.033" errors="0" timestamp="2020-11-27T18:40:46 ICT">
  <testcase classname="Test_1" name="test1" time="0.005"/>
  <testcase classname="Test_2" name="test2" time="0.001"/>
  <testcase classname="Controller" name="@AfterTest AfterTest" time="0.0">
    <ignored/>
  </testcase> <!-- @AfterTest AfterTest -->
  <testcase classname="Controller" name="@BeforeTest BeforeTest" time="0.0">
    <ignored/>
  </testcase> <!-- @BeforeTest BeforeTest -->
  <testcase classname="Controller" name="@AfterSuite AfterSuite" time="0.0">
    <ignored/>
  </testcase> <!-- @AfterSuite AfterSuite -->
  <testcase classname="Controller" name="@BeforeSuite BeforeSuit" time="0.0">
    <ignored/>
  </testcase> <!-- @BeforeSuite BeforeSuit -->
</testsuite> <!-- Default test -->
