<?xml version="1.0" encoding="UTF-8"?>
<testng-results ignored="0" total="1" passed="1" failed="0" skipped="0">
  <reporter-output>
  </reporter-output>
  <suite started-at="2020-10-30T19:37:00 ICT" name="Default suite" finished-at="2020-10-30T19:38:04 ICT" duration-ms="63572">
    <groups>
    </groups>
    <test started-at="2020-10-30T19:37:00 ICT" name="Default test" finished-at="2020-10-30T19:38:04 ICT" duration-ms="63572">
      <class name="View_Account_Information.View_Account_Information">
        <test-method signature="HomePageFlickr()[pri:0, instance:View_Account_Information.View_Account_Information@ed7f8b4]" started-at="2020-10-30T19:37:00 ICT" name="HomePageFlickr" finished-at="2020-10-30T19:38:04 ICT" duration-ms="63547" status="PASS">
          <reporter-output>
          </reporter-output>
        </test-method> <!-- HomePageFlickr -->
      </class> <!-- View_Account_Information.View_Account_Information -->
    </test> <!-- Default test -->
  </suite> <!-- Default suite -->
</testng-results>
