<?xml version="1.0" encoding="UTF-8"?>
<testng-results ignored="0" total="1" passed="1" failed="0" skipped="0">
  <reporter-output>
  </reporter-output>
  <suite started-at="2020-10-30T16:40:46 ICT" name="Default suite" finished-at="2020-10-30T16:42:31 ICT" duration-ms="105335">
    <groups>
    </groups>
    <test started-at="2020-10-30T16:40:46 ICT" name="Default test" finished-at="2020-10-30T16:42:31 ICT" duration-ms="105335">
      <class name="Update_Account_Information.Update_Account_Information">
        <test-method signature="ViewAccountInformation()[pri:0, instance:Update_Account_Information.Update_Account_Information@37883b97]" started-at="2020-10-30T16:40:46 ICT" name="ViewAccountInformation" finished-at="2020-10-30T16:42:31 ICT" duration-ms="105310" status="PASS">
          <reporter-output>
          </reporter-output>
        </test-method> <!-- ViewAccountInformation -->
      </class> <!-- Update_Account_Information.Update_Account_Information -->
    </test> <!-- Default test -->
  </suite> <!-- Default suite -->
</testng-results>
