<?xml version="1.0" encoding="UTF-8"?>
<testng-results ignored="0" total="1" passed="1" failed="0" skipped="0">
  <reporter-output>
  </reporter-output>
  <suite started-at="2020-10-30T17:45:00 ICT" name="Default suite" finished-at="2020-10-30T17:46:21 ICT" duration-ms="81421">
    <groups>
    </groups>
    <test started-at="2020-10-30T17:45:00 ICT" name="Default test" finished-at="2020-10-30T17:46:21 ICT" duration-ms="81421">
      <class name="Delete_Comment_Photo.Delete_Comment_Photo">
        <test-method signature="LoginInToAccount()[pri:0, instance:Delete_Comment_Photo.Delete_Comment_Photo@6ab778a]" started-at="2020-10-30T17:45:00 ICT" name="LoginInToAccount" finished-at="2020-10-30T17:46:21 ICT" duration-ms="81390" status="PASS">
          <reporter-output>
          </reporter-output>
        </test-method> <!-- LoginInToAccount -->
      </class> <!-- Delete_Comment_Photo.Delete_Comment_Photo -->
    </test> <!-- Default test -->
  </suite> <!-- Default suite -->
</testng-results>
