<?xml version="1.0" encoding="UTF-8"?>
<testng-results ignored="0" total="1" passed="1" failed="0" skipped="0">
  <reporter-output>
  </reporter-output>
  <suite started-at="2020-12-01T15:39:52 ICT" name="FlickrAutomationTesting" finished-at="2020-12-01T15:40:18 ICT" duration-ms="25627">
    <groups>
    </groups>
    <test started-at="2020-12-01T15:39:52 ICT" name="Flickr" finished-at="2020-12-01T15:40:18 ICT" duration-ms="25627">
      <class name="View_Account_Information_Class">
        <test-method is-config="true" signature="FlickrAutomationTesting()[pri:0, instance:View_Account_Information_Class@6a2b953e]" started-at="2020-12-01T15:39:12 ICT" name="FlickrAutomationTesting" finished-at="2020-12-01T15:39:52 ICT" duration-ms="40529" status="PASS">
          <reporter-output>
          </reporter-output>
        </test-method> <!-- FlickrAutomationTesting -->
        <test-method is-config="true" signature="Flickr()[pri:0, instance:View_Account_Information_Class@6a2b953e]" started-at="2020-12-01T15:39:52 ICT" name="Flickr" finished-at="2020-12-01T15:40:00 ICT" duration-ms="8341" status="PASS">
          <reporter-output>
          </reporter-output>
        </test-method> <!-- Flickr -->
        <test-method is-config="true" signature="WaitHomePage()[pri:0, instance:View_Account_Information_Class@6a2b953e]" started-at="2020-12-01T15:40:00 ICT" name="WaitHomePage" finished-at="2020-12-01T15:40:12 ICT" duration-ms="11648" status="PASS">
          <reporter-output>
          </reporter-output>
        </test-method> <!-- WaitHomePage -->
        <test-method signature="ClickAvatarIcon()[pri:0, instance:View_Account_Information_Class@6a2b953e]" started-at="2020-12-01T15:40:12 ICT" name="ClickAvatarIcon" finished-at="2020-12-01T15:40:12 ICT" duration-ms="225" status="PASS">
          <reporter-output>
          </reporter-output>
        </test-method> <!-- ClickAvatarIcon -->
        <test-method is-config="true" signature="ClickOnSettings()[pri:0, instance:View_Account_Information_Class@6a2b953e]" started-at="2020-12-01T15:40:12 ICT" name="ClickOnSettings" finished-at="2020-12-01T15:40:13 ICT" duration-ms="380" status="PASS">
          <reporter-output>
          </reporter-output>
        </test-method> <!-- ClickOnSettings -->
        <test-method is-config="true" signature="AfterClass()[pri:0, instance:View_Account_Information_Class@6a2b953e]" started-at="2020-12-01T15:40:13 ICT" name="AfterClass" finished-at="2020-12-01T15:40:18 ICT" duration-ms="5012" status="PASS">
          <reporter-output>
          </reporter-output>
        </test-method> <!-- AfterClass -->
      </class> <!-- View_Account_Information_Class -->
    </test> <!-- Flickr -->
  </suite> <!-- FlickrAutomationTesting -->
</testng-results>
