<?xml version="1.0" encoding="UTF-8"?>
<testng-results ignored="0" total="1" passed="1" failed="0" skipped="0">
  <reporter-output>
  </reporter-output>
  <suite started-at="2020-10-30T08:55:35 ICT" name="Default suite" finished-at="2020-10-30T08:56:04 ICT" duration-ms="28576">
    <groups>
    </groups>
    <test started-at="2020-10-30T08:55:35 ICT" name="Default test" finished-at="2020-10-30T08:56:04 ICT" duration-ms="28576">
      <class name="Change_Account_Password.Change_Account_Password">
        <test-method signature="ViewAccountInformation()[pri:0, instance:Change_Account_Password.Change_Account_Password@6ab778a]" started-at="2020-10-30T08:55:35 ICT" name="ViewAccountInformation" finished-at="2020-10-30T08:56:04 ICT" duration-ms="28552" status="PASS">
          <reporter-output>
          </reporter-output>
        </test-method> <!-- ViewAccountInformation -->
      </class> <!-- Change_Account_Password.Change_Account_Password -->
    </test> <!-- Default test -->
  </suite> <!-- Default suite -->
</testng-results>
