<?xml version="1.0" encoding="UTF-8"?>
<testng-results ignored="0" total="1" passed="1" failed="0" skipped="0">
  <reporter-output>
  </reporter-output>
  <suite started-at="2020-10-30T17:16:50 ICT" name="Default suite" finished-at="2020-10-30T17:18:10 ICT" duration-ms="79790">
    <groups>
    </groups>
    <test started-at="2020-10-30T17:16:50 ICT" name="Default test" finished-at="2020-10-30T17:18:10 ICT" duration-ms="79790">
      <class name="Comment_Photo.Comment_Photo">
        <test-method signature="LoginInToAccount()[pri:0, instance:Comment_Photo.Comment_Photo@4e3958e7]" started-at="2020-10-30T17:16:50 ICT" name="LoginInToAccount" finished-at="2020-10-30T17:18:10 ICT" duration-ms="79765" status="PASS">
          <reporter-output>
          </reporter-output>
        </test-method> <!-- LoginInToAccount -->
      </class> <!-- Comment_Photo.Comment_Photo -->
    </test> <!-- Default test -->
  </suite> <!-- Default suite -->
</testng-results>
